Terminals unused in grammar

   NUMINT
   RETURN


Grammar

    0 $accept: program $end

    1 program: statements

    2 statements: statement ';'
    3           | statements statement ';'

    4 statement: model_declaration
    5          | field_declaration
    6          | relation_declaration
    7          | controller_declaration
    8          | view_declaration
    9          | route_declation
   10          | function_declation

   11 model_declaration: CRIE MODEL IDENTIFIER

   12 field_declaration: CRIE CAMPO IDENTIFIER ':' type_specifier

   13 type_specifier: INTEGER
   14               | STRING
   15               | FLOAT
   16               | BOOL
   17               | DATE
   18               | TIME
   19               | TEXT

   20 route_declation: CRIE ROUTE '/' IDENTIFIER

   21 function_declation: CRIE FUNC IDENTIFIER

   22 relation_declaration: RELACAO IDENTIFIER ':' IDENTIFIER ';'

   23 controller_declaration: CONTROLLER IDENTIFIER ';'

   24 view_declaration: VIEW IDENTIFIER ';'


Terminals, with rules where they appear

$end (0) 0
'/' (47) 20
':' (58) 12 22
';' (59) 2 3 22 23 24
error (256)
CRIE (258) 11 12 20 21
MODEL (259) 11
CONTROLLER (260) 23
VIEW (261) 24
CAMPO (262) 12
RELACAO (263) 22
NUMINT (264)
IDENTIFIER (265) 11 12 20 21 22 23 24
INTEGER (266) 13
STRING (267) 14
FLOAT (268) 15
DATE (269) 17
TIME (270) 18
BOOL (271) 16
TEXT (272) 19
ROUTE (273) 20
FUNC (274) 21
RETURN (275)


Nonterminals, with rules where they appear

$accept (24)
    on left: 0
program (25)
    on left: 1, on right: 0
statements (26)
    on left: 2 3, on right: 1 3
statement (27)
    on left: 4 5 6 7 8 9 10, on right: 2 3
model_declaration (28)
    on left: 11, on right: 4
field_declaration (29)
    on left: 12, on right: 5
type_specifier (30)
    on left: 13 14 15 16 17 18 19, on right: 12
route_declation (31)
    on left: 20, on right: 9
function_declation (32)
    on left: 21, on right: 10
relation_declaration (33)
    on left: 22, on right: 6
controller_declaration (34)
    on left: 23, on right: 7
view_declaration (35)
    on left: 24, on right: 8


State 0

    0 $accept: . program $end

    CRIE        shift, and go to state 1
    CONTROLLER  shift, and go to state 2
    VIEW        shift, and go to state 3
    RELACAO     shift, and go to state 4

    program                 go to state 5
    statements              go to state 6
    statement               go to state 7
    model_declaration       go to state 8
    field_declaration       go to state 9
    route_declation         go to state 10
    function_declation      go to state 11
    relation_declaration    go to state 12
    controller_declaration  go to state 13
    view_declaration        go to state 14


State 1

   11 model_declaration: CRIE . MODEL IDENTIFIER
   12 field_declaration: CRIE . CAMPO IDENTIFIER ':' type_specifier
   20 route_declation: CRIE . ROUTE '/' IDENTIFIER
   21 function_declation: CRIE . FUNC IDENTIFIER

    MODEL  shift, and go to state 15
    CAMPO  shift, and go to state 16
    ROUTE  shift, and go to state 17
    FUNC   shift, and go to state 18


State 2

   23 controller_declaration: CONTROLLER . IDENTIFIER ';'

    IDENTIFIER  shift, and go to state 19


State 3

   24 view_declaration: VIEW . IDENTIFIER ';'

    IDENTIFIER  shift, and go to state 20


State 4

   22 relation_declaration: RELACAO . IDENTIFIER ':' IDENTIFIER ';'

    IDENTIFIER  shift, and go to state 21


State 5

    0 $accept: program . $end

    $end  shift, and go to state 22


State 6

    1 program: statements .
    3 statements: statements . statement ';'

    CRIE        shift, and go to state 1
    CONTROLLER  shift, and go to state 2
    VIEW        shift, and go to state 3
    RELACAO     shift, and go to state 4

    $default  reduce using rule 1 (program)

    statement               go to state 23
    model_declaration       go to state 8
    field_declaration       go to state 9
    route_declation         go to state 10
    function_declation      go to state 11
    relation_declaration    go to state 12
    controller_declaration  go to state 13
    view_declaration        go to state 14


State 7

    2 statements: statement . ';'

    ';'  shift, and go to state 24


State 8

    4 statement: model_declaration .

    $default  reduce using rule 4 (statement)


State 9

    5 statement: field_declaration .

    $default  reduce using rule 5 (statement)


State 10

    9 statement: route_declation .

    $default  reduce using rule 9 (statement)


State 11

   10 statement: function_declation .

    $default  reduce using rule 10 (statement)


State 12

    6 statement: relation_declaration .

    $default  reduce using rule 6 (statement)


State 13

    7 statement: controller_declaration .

    $default  reduce using rule 7 (statement)


State 14

    8 statement: view_declaration .

    $default  reduce using rule 8 (statement)


State 15

   11 model_declaration: CRIE MODEL . IDENTIFIER

    IDENTIFIER  shift, and go to state 25


State 16

   12 field_declaration: CRIE CAMPO . IDENTIFIER ':' type_specifier

    IDENTIFIER  shift, and go to state 26


State 17

   20 route_declation: CRIE ROUTE . '/' IDENTIFIER

    '/'  shift, and go to state 27


State 18

   21 function_declation: CRIE FUNC . IDENTIFIER

    IDENTIFIER  shift, and go to state 28


State 19

   23 controller_declaration: CONTROLLER IDENTIFIER . ';'

    ';'  shift, and go to state 29


State 20

   24 view_declaration: VIEW IDENTIFIER . ';'

    ';'  shift, and go to state 30


State 21

   22 relation_declaration: RELACAO IDENTIFIER . ':' IDENTIFIER ';'

    ':'  shift, and go to state 31


State 22

    0 $accept: program $end .

    $default  accept


State 23

    3 statements: statements statement . ';'

    ';'  shift, and go to state 32


State 24

    2 statements: statement ';' .

    $default  reduce using rule 2 (statements)


State 25

   11 model_declaration: CRIE MODEL IDENTIFIER .

    $default  reduce using rule 11 (model_declaration)


State 26

   12 field_declaration: CRIE CAMPO IDENTIFIER . ':' type_specifier

    ':'  shift, and go to state 33


State 27

   20 route_declation: CRIE ROUTE '/' . IDENTIFIER

    IDENTIFIER  shift, and go to state 34


State 28

   21 function_declation: CRIE FUNC IDENTIFIER .

    $default  reduce using rule 21 (function_declation)


State 29

   23 controller_declaration: CONTROLLER IDENTIFIER ';' .

    $default  reduce using rule 23 (controller_declaration)


State 30

   24 view_declaration: VIEW IDENTIFIER ';' .

    $default  reduce using rule 24 (view_declaration)


State 31

   22 relation_declaration: RELACAO IDENTIFIER ':' . IDENTIFIER ';'

    IDENTIFIER  shift, and go to state 35


State 32

    3 statements: statements statement ';' .

    $default  reduce using rule 3 (statements)


State 33

   12 field_declaration: CRIE CAMPO IDENTIFIER ':' . type_specifier

    INTEGER  shift, and go to state 36
    STRING   shift, and go to state 37
    FLOAT    shift, and go to state 38
    DATE     shift, and go to state 39
    TIME     shift, and go to state 40
    BOOL     shift, and go to state 41
    TEXT     shift, and go to state 42

    type_specifier  go to state 43


State 34

   20 route_declation: CRIE ROUTE '/' IDENTIFIER .

    $default  reduce using rule 20 (route_declation)


State 35

   22 relation_declaration: RELACAO IDENTIFIER ':' IDENTIFIER . ';'

    ';'  shift, and go to state 44


State 36

   13 type_specifier: INTEGER .

    $default  reduce using rule 13 (type_specifier)


State 37

   14 type_specifier: STRING .

    $default  reduce using rule 14 (type_specifier)


State 38

   15 type_specifier: FLOAT .

    $default  reduce using rule 15 (type_specifier)


State 39

   17 type_specifier: DATE .

    $default  reduce using rule 17 (type_specifier)


State 40

   18 type_specifier: TIME .

    $default  reduce using rule 18 (type_specifier)


State 41

   16 type_specifier: BOOL .

    $default  reduce using rule 16 (type_specifier)


State 42

   19 type_specifier: TEXT .

    $default  reduce using rule 19 (type_specifier)


State 43

   12 field_declaration: CRIE CAMPO IDENTIFIER ':' type_specifier .

    $default  reduce using rule 12 (field_declaration)


State 44

   22 relation_declaration: RELACAO IDENTIFIER ':' IDENTIFIER ';' .

    $default  reduce using rule 22 (relation_declaration)
